# JRE version: Java(TM) SE Runtime Environment (9.0+11) (build 9.0.1+11)
# Java VM: Java HotSpot(TM) 64-Bit Server VM (9.0.1+11, mixed mode, tiered, compressed oops, g1 gc, bsd-amd64)
Heap:
 garbage-first heap   total 157696K, used 55034K [0x0000000740000000, 0x00000007401004d0, 0x00000007c0000000)
  region size 1024K, 38 young (38912K), 5 survivors (5120K)
 Metaspace       used 43733K, capacity 45890K, committed 46156K, reserved 1089536K
  class space    used 5586K, capacity 5935K, committed 5964K, reserved 1048576K
GC Heap History (10 events):
Event: 4.041 GC heap before
{Heap before GC invocations=5 (full 0):
 garbage-first heap   total 131072K, used 84164K [0x0000000740000000, 0x0000000740100400, 0x00000007c0000000)
  region size 1024K, 76 young (77824K), 7 survivors (7168K)
 Metaspace       used 28486K, capacity 29554K, committed 29696K, reserved 1075200K
  class space    used 3361K, capacity 3579K, committed 3584K, reserved 1048576K
}
Event: 4.057 GC heap after
{Heap after GC invocations=6 (full 0):
 garbage-first heap   total 131072K, used 18637K [0x0000000740000000, 0x0000000740100400, 0x00000007c0000000)
  region size 1024K, 9 young (9216K), 9 survivors (9216K)
 Metaspace       used 28486K, capacity 29554K, committed 29696K, reserved 1075200K
  class space    used 3361K, capacity 3579K, committed 3584K, reserved 1048576K
}
Event: 4.816 GC heap before
{Heap before GC invocations=6 (full 0):
 garbage-first heap   total 131072K, used 87245K [0x0000000740000000, 0x0000000740100400, 0x00000007c0000000)
  region size 1024K, 76 young (77824K), 9 survivors (9216K)
 Metaspace       used 34137K, capacity 35674K, committed 35840K, reserved 1081344K
  class space    used 4140K, capacity 4423K, committed 4480K, reserved 1048576K
}
Event: 4.827 GC heap after
{Heap after GC invocations=7 (full 0):
 garbage-first heap   total 157696K, used 19333K [0x0000000740000000, 0x00000007401004d0, 0x00000007c0000000)
  region size 1024K, 8 young (8192K), 8 survivors (8192K)
 Metaspace       used 34137K, capacity 35674K, committed 35840K, reserved 1081344K
  class space    used 4140K, capacity 4423K, committed 4480K, reserved 1048576K
}
Event: 4.886 GC heap before
{Heap before GC invocations=7 (full 0):
 garbage-first heap   total 157696K, used 20357K [0x0000000740000000, 0x00000007401004d0, 0x00000007c0000000)
  region size 1024K, 10 young (10240K), 8 survivors (8192K)
 Metaspace       used 34294K, capacity 35770K, committed 35840K, reserved 1081344K
  class space    used 4175K, capacity 4455K, committed 4480K, reserved 1048576K
}
Event: 4.895 GC heap after
{Heap after GC invocations=8 (full 0):
 garbage-first heap   total 157696K, used 16005K [0x0000000740000000, 0x00000007401004d0, 0x00000007c0000000)
  region size 1024K, 2 young (2048K), 2 survivors (2048K)
 Metaspace       used 34294K, capacity 35770K, committed 35840K, reserved 1081344K
  class space    used 4175K, capacity 4455K, committed 4480K, reserved 1048576K
}
Event: 6.007 GC heap before
{Heap before GC invocations=9 (full 0):
 garbage-first heap   total 157696K, used 108165K [0x0000000740000000, 0x00000007401004d0, 0x00000007c0000000)
  region size 1024K, 92 young (94208K), 2 survivors (2048K)
 Metaspace       used 39207K, capacity 40986K, committed 41292K, reserved 1085440K
  class space    used 4999K, capacity 5331K, committed 5452K, reserved 1048576K
}
Event: 6.018 GC heap after
{Heap after GC invocations=10 (full 0):
 garbage-first heap   total 157696K, used 21993K [0x0000000740000000, 0x00000007401004d0, 0x00000007c0000000)
  region size 1024K, 8 young (8192K), 8 survivors (8192K)
 Metaspace       used 39207K, capacity 40986K, committed 41292K, reserved 1085440K
  class space    used 4999K, capacity 5331K, committed 5452K, reserved 1048576K
}
Event: 73.305 GC heap before
{Heap before GC invocations=10 (full 0):
 garbage-first heap   total 157696K, used 108009K [0x0000000740000000, 0x00000007401004d0, 0x00000007c0000000)
  region size 1024K, 92 young (94208K), 8 survivors (8192K)
 Metaspace       used 43239K, capacity 45426K, committed 45644K, reserved 1089536K
  class space    used 5529K, capacity 5895K, committed 5964K, reserved 1048576K
}
Event: 73.314 GC heap after
{Heap after GC invocations=11 (full 0):
 garbage-first heap   total 157696K, used 22266K [0x0000000740000000, 0x00000007401004d0, 0x00000007c0000000)
  region size 1024K, 5 young (5120K), 5 survivors (5120K)
 Metaspace       used 43239K, capacity 45426K, committed 45644K, reserved 1089536K
  class space    used 5529K, capacity 5895K, committed 5964K, reserved 1048576K
}

